ROSCORE: ... logging to /mnt/data2/students/sub1/ddd_v1_w_37Vx_629048/asn364505_2/asn364506_1/work/.ros/log/317231d2-cc85-11eb-9cbf-06f4dbbfdae1/roslaunch-ip-172-31-22-168-8296.log
ROSCORE: Checking log directory for disk usage. This may take awhile.
ROSCORE: Press Ctrl-C to interrupt
ROSCORE: Done checking log file disk usage. Usage is <1GB.
ROSCORE: ]2;roscore
ROSCORE: [1mstarted roslaunch server http://ip-172-31-22-168:42208/[0m
ROSCORE: ros_comm version 1.12.14
ROSCORE: 
ROSCORE: 
ROSCORE: SUMMARY
ROSCORE: ========
ROSCORE: 
ROSCORE: PARAMETERS
ROSCORE:  * /rosdistro: kinetic
ROSCORE:  * /rosversion: 1.12.14
ROSCORE: 
ROSCORE: NODES
ROSCORE: 
ROSCORE: auto-starting new master
ROSCORE: [1mprocess[master]: started with pid [8343][0m
PUB: [31m[ERROR] [1623615800.827737588]: [registerPublisher] Failed to contact master at [localhost:49014].  Retrying...[0m
PUB: [0m[ INFO] [1623615800.933004096]: Connected to master at [localhost:49014][0m
ROSCORE: [1mROS_MASTER_URI=http://ip-172-31-22-168:49014/[0m
ROSCORE: ]2;roscore http://ip-172-31-22-168:49014/
ROSCORE: [1msetting /run_id to 317231d2-cc85-11eb-9cbf-06f4dbbfdae1[0m
ROSCORE: [1mprocess[rosout-1]: started with pid [8401][0m
ROSCORE: started core service [/rosout]
BR: Port for WebSocketServer: 32903
BR: Running cmd: roslaunch rosbridge_server rosbridge_websocket.launch port:=32903
BR: ... logging to /mnt/data2/students/sub1/ddd_v1_w_37Vx_629048/asn364505_2/asn364506_1/work/.ros/log/317231d2-cc85-11eb-9cbf-06f4dbbfdae1/roslaunch-ip-172-31-22-168-8431.log
BR: Checking log directory for disk usage. This may take awhile.
BR: Press Ctrl-C to interrupt
BR: Done checking log file disk usage. Usage is <1GB.
BR: ]2;/opt/ros/kinetic/share/rosbridge_server/launch/rosbridge_websocket.launch
BR: [1mstarted roslaunch server http://ip-172-31-22-168:35971/[0m
BR: 
BR: SUMMARY
BR: ========
BR: 
BR: PARAMETERS
BR:  * /rosapi/params_glob: [*]
BR:  * /rosapi/services_glob: [*]
BR:  * /rosapi/topics_glob: [*]
BR:  * /rosbridge_websocket/address: 
BR:  * /rosbridge_websocket/authenticate: False
BR:  * /rosbridge_websocket/bson_only_mode: False
BR:  * /rosbridge_websocket/delay_between_messages: 0
BR:  * /rosbridge_websocket/fragment_timeout: 600
BR:  * /rosbridge_websocket/max_message_size: None
BR:  * /rosbridge_websocket/params_glob: [*]
BR:  * /rosbridge_websocket/port: 32903
BR:  * /rosbridge_websocket/retry_startup_delay: 5
BR:  * /rosbridge_websocket/services_glob: [*]
BR:  * /rosbridge_websocket/topics_glob: [*]
BR:  * /rosbridge_websocket/unregister_timeout: 10
BR:  * /rosbridge_websocket/use_compression: False
BR:  * /rosdistro: kinetic
BR:  * /rosversion: 1.12.14
BR: 
BR: NODES
BR:   /
BR:     rosapi (rosapi/rosapi_node)
BR:     rosbridge_websocket (rosbridge_server/rosbridge_websocket)
BR: 
BR: [1mROS_MASTER_URI=http://localhost:49014[0m
BR: ]2;/opt/ros/kinetic/share/rosbridge_server/launch/rosbridge_websocket.launch http://localhost:49014
BR: [1mprocess[rosbridge_websocket-1]: started with pid [8494][0m
BR: [1mprocess[rosapi-2]: started with pid [8496][0m
BR: registered capabilities (classes):
BR:  - rosbridge_library.capabilities.call_service.CallService
BR:  - rosbridge_library.capabilities.advertise.Advertise
BR:  - rosbridge_library.capabilities.publish.Publish
BR:  - rosbridge_library.capabilities.subscribe.Subscribe
BR:  - <class 'rosbridge_library.capabilities.defragmentation.Defragment'>
BR:  - rosbridge_library.capabilities.advertise_service.AdvertiseService
BR:  - rosbridge_library.capabilities.service_response.ServiceResponse
BR:  - rosbridge_library.capabilities.unadvertise_service.UnadvertiseService
BR: [INFO] [1623615806.104805]: Rosbridge WebSocket server started on port 32903
