Determining if the pthread_create exist failed with the following output:
Change Dir: /mnt/data2/students/sub1/ddd_v1_w_37Vx_629048/asn364503_1/asn364504_1/work/catkin_ws/build/CMakeFiles/CMakeTmp

Run Build Command:"/usr/bin/make" "cmTC_be975/fast"
/usr/bin/make -f CMakeFiles/cmTC_be975.dir/build.make CMakeFiles/cmTC_be975.dir/build
make[1]: Entering directory '/mnt/data2/students/sub1/ddd_v1_w_37Vx_629048/asn364503_1/asn364504_1/work/catkin_ws/build/CMakeFiles/CMakeTmp'
Building C object CMakeFiles/cmTC_be975.dir/CheckSymbolExists.c.o
/usr/bin/cc    -o CMakeFiles/cmTC_be975.dir/CheckSymbolExists.c.o   -c /mnt/data2/students/sub1/ddd_v1_w_37Vx_629048/asn364503_1/asn364504_1/work/catkin_ws/build/CMakeFiles/CMakeTmp/CheckSymbolExists.c
Linking C executable cmTC_be975
/usr/local/bin/cmake -E cmake_link_script CMakeFiles/cmTC_be975.dir/link.txt --verbose=1
/usr/bin/cc      -rdynamic CMakeFiles/cmTC_be975.dir/CheckSymbolExists.c.o  -o cmTC_be975 
CMakeFiles/cmTC_be975.dir/CheckSymbolExists.c.o: In function `main':
CheckSymbolExists.c:(.text+0x16): undefined reference to `pthread_create'
collect2: error: ld returned 1 exit status
CMakeFiles/cmTC_be975.dir/build.make:97: recipe for target 'cmTC_be975' failed
make[1]: *** [cmTC_be975] Error 1
make[1]: Leaving directory '/mnt/data2/students/sub1/ddd_v1_w_37Vx_629048/asn364503_1/asn364504_1/work/catkin_ws/build/CMakeFiles/CMakeTmp'
Makefile:126: recipe for target 'cmTC_be975/fast' failed
make: *** [cmTC_be975/fast] Error 2

File /mnt/data2/students/sub1/ddd_v1_w_37Vx_629048/asn364503_1/asn364504_1/work/catkin_ws/build/CMakeFiles/CMakeTmp/CheckSymbolExists.c:
/* */
#include <pthread.h>

int main(int argc, char** argv)
{
  (void)argv;
#ifndef pthread_create
  return ((int*)(&pthread_create))[argc];
#else
  (void)argc;
  return 0;
#endif
}

Determining if the function pthread_create exists in the pthreads failed with the following output:
Change Dir: /mnt/data2/students/sub1/ddd_v1_w_37Vx_629048/asn364503_1/asn364504_1/work/catkin_ws/build/CMakeFiles/CMakeTmp

Run Build Command:"/usr/bin/make" "cmTC_0a713/fast"
/usr/bin/make -f CMakeFiles/cmTC_0a713.dir/build.make CMakeFiles/cmTC_0a713.dir/build
make[1]: Entering directory '/mnt/data2/students/sub1/ddd_v1_w_37Vx_629048/asn364503_1/asn364504_1/work/catkin_ws/build/CMakeFiles/CMakeTmp'
Building C object CMakeFiles/cmTC_0a713.dir/CheckFunctionExists.c.o
/usr/bin/cc   -DCHECK_FUNCTION_EXISTS=pthread_create   -o CMakeFiles/cmTC_0a713.dir/CheckFunctionExists.c.o   -c /usr/local/share/cmake-3.8/Modules/CheckFunctionExists.c
Linking C executable cmTC_0a713
/usr/local/bin/cmake -E cmake_link_script CMakeFiles/cmTC_0a713.dir/link.txt --verbose=1
/usr/bin/cc  -DCHECK_FUNCTION_EXISTS=pthread_create    -rdynamic CMakeFiles/cmTC_0a713.dir/CheckFunctionExists.c.o  -o cmTC_0a713 -lpthreads 
/usr/bin/ld: cannot find -lpthreads
collect2: error: ld returned 1 exit status
CMakeFiles/cmTC_0a713.dir/build.make:97: recipe for target 'cmTC_0a713' failed
make[1]: *** [cmTC_0a713] Error 1
make[1]: Leaving directory '/mnt/data2/students/sub1/ddd_v1_w_37Vx_629048/asn364503_1/asn364504_1/work/catkin_ws/build/CMakeFiles/CMakeTmp'
Makefile:126: recipe for target 'cmTC_0a713/fast' failed
make: *** [cmTC_0a713/fast] Error 2


